Determining if the pthread_create exist failed with the following output:
Change Dir: /home/madgenius/projects/RobotSim/ros/indigo/catkin_ws/build/CMakeFiles/CMakeTmp

Run Build Command:/usr/bin/make "cmTryCompileExec1613268408/fast"
/usr/bin/make -f CMakeFiles/cmTryCompileExec1613268408.dir/build.make CMakeFiles/cmTryCompileExec1613268408.dir/build
make[1]: Entering directory `/home/madgenius/projects/RobotSim/ros/indigo/catkin_ws/build/CMakeFiles/CMakeTmp'
/usr/bin/cmake -E cmake_progress_report /home/madgenius/projects/RobotSim/ros/indigo/catkin_ws/build/CMakeFiles/CMakeTmp/CMakeFiles 1
Building C object CMakeFiles/cmTryCompileExec1613268408.dir/CheckSymbolExists.c.o
/usr/bin/cc    -o CMakeFiles/cmTryCompileExec1613268408.dir/CheckSymbolExists.c.o   -c /home/madgenius/projects/RobotSim/ros/indigo/catkin_ws/build/CMakeFiles/CMakeTmp/CheckSymbolExists.c
Linking C executable cmTryCompileExec1613268408
/usr/bin/cmake -E cmake_link_script CMakeFiles/cmTryCompileExec1613268408.dir/link.txt --verbose=1
/usr/bin/cc       CMakeFiles/cmTryCompileExec1613268408.dir/CheckSymbolExists.c.o  -o cmTryCompileExec1613268408 -rdynamic 
CMakeFiles/cmTryCompileExec1613268408.dir/CheckSymbolExists.c.o: In function `main':
CheckSymbolExists.c:(.text+0x16): undefined reference to `pthread_create'
collect2: error: ld returned 1 exit status
make[1]: *** [cmTryCompileExec1613268408] Error 1
make[1]: Leaving directory `/home/madgenius/projects/RobotSim/ros/indigo/catkin_ws/build/CMakeFiles/CMakeTmp'
make: *** [cmTryCompileExec1613268408/fast] Error 2

File /home/madgenius/projects/RobotSim/ros/indigo/catkin_ws/build/CMakeFiles/CMakeTmp/CheckSymbolExists.c:
/* */
#include <pthread.h>

int main(int argc, char** argv)
{
  (void)argv;
#ifndef pthread_create
  return ((int*)(&pthread_create))[argc];
#else
  (void)argc;
  return 0;
#endif
}

Determining if the function pthread_create exists in the pthreads failed with the following output:
Change Dir: /home/madgenius/projects/RobotSim/ros/indigo/catkin_ws/build/CMakeFiles/CMakeTmp

Run Build Command:/usr/bin/make "cmTryCompileExec2498865822/fast"
/usr/bin/make -f CMakeFiles/cmTryCompileExec2498865822.dir/build.make CMakeFiles/cmTryCompileExec2498865822.dir/build
make[1]: Entering directory `/home/madgenius/projects/RobotSim/ros/indigo/catkin_ws/build/CMakeFiles/CMakeTmp'
/usr/bin/cmake -E cmake_progress_report /home/madgenius/projects/RobotSim/ros/indigo/catkin_ws/build/CMakeFiles/CMakeTmp/CMakeFiles 1
Building C object CMakeFiles/cmTryCompileExec2498865822.dir/CheckFunctionExists.c.o
/usr/bin/cc   -DCHECK_FUNCTION_EXISTS=pthread_create   -o CMakeFiles/cmTryCompileExec2498865822.dir/CheckFunctionExists.c.o   -c /usr/share/cmake-2.8/Modules/CheckFunctionExists.c
Linking C executable cmTryCompileExec2498865822
/usr/bin/cmake -E cmake_link_script CMakeFiles/cmTryCompileExec2498865822.dir/link.txt --verbose=1
/usr/bin/cc   -DCHECK_FUNCTION_EXISTS=pthread_create    CMakeFiles/cmTryCompileExec2498865822.dir/CheckFunctionExists.c.o  -o cmTryCompileExec2498865822 -rdynamic -lpthreads 
/usr/bin/ld: cannot find -lpthreads
collect2: error: ld returned 1 exit status
make[1]: *** [cmTryCompileExec2498865822] Error 1
make[1]: Leaving directory `/home/madgenius/projects/RobotSim/ros/indigo/catkin_ws/build/CMakeFiles/CMakeTmp'
make: *** [cmTryCompileExec2498865822/fast] Error 2


Determining if the Q_WS_WIN exist failed with the following output:
Change Dir: /home/madgenius/projects/RobotSim/ros/indigo/catkin_ws/build/CMakeFiles/CMakeTmp

Run Build Command:/usr/bin/make "cmTryCompileExec3628283517/fast"
/usr/bin/make -f CMakeFiles/cmTryCompileExec3628283517.dir/build.make CMakeFiles/cmTryCompileExec3628283517.dir/build
make[1]: Entering directory `/home/madgenius/projects/RobotSim/ros/indigo/catkin_ws/build/CMakeFiles/CMakeTmp'
/usr/bin/cmake -E cmake_progress_report /home/madgenius/projects/RobotSim/ros/indigo/catkin_ws/build/CMakeFiles/CMakeTmp/CMakeFiles 1
Building CXX object CMakeFiles/cmTryCompileExec3628283517.dir/CheckSymbolExists.cxx.o
/usr/bin/c++    -I/usr/include/qt4    -o CMakeFiles/cmTryCompileExec3628283517.dir/CheckSymbolExists.cxx.o -c /home/madgenius/projects/RobotSim/ros/indigo/catkin_ws/build/CMakeFiles/CMakeTmp/CheckSymbolExists.cxx
/home/madgenius/projects/RobotSim/ros/indigo/catkin_ws/build/CMakeFiles/CMakeTmp/CheckSymbolExists.cxx: In function ‘int main(int, char**)’:
/home/madgenius/projects/RobotSim/ros/indigo/catkin_ws/build/CMakeFiles/CMakeTmp/CheckSymbolExists.cxx:8:19: error: ‘Q_WS_WIN’ was not declared in this scope
   return ((int*)(&Q_WS_WIN))[argc];
                   ^
make[1]: *** [CMakeFiles/cmTryCompileExec3628283517.dir/CheckSymbolExists.cxx.o] Error 1
make[1]: Leaving directory `/home/madgenius/projects/RobotSim/ros/indigo/catkin_ws/build/CMakeFiles/CMakeTmp'
make: *** [cmTryCompileExec3628283517/fast] Error 2

File /home/madgenius/projects/RobotSim/ros/indigo/catkin_ws/build/CMakeFiles/CMakeTmp/CheckSymbolExists.cxx:
/* */
#include <QtCore/qglobal.h>

int main(int argc, char** argv)
{
  (void)argv;
#ifndef Q_WS_WIN
  return ((int*)(&Q_WS_WIN))[argc];
#else
  (void)argc;
  return 0;
#endif
}

Determining if the Q_WS_QWS exist failed with the following output:
Change Dir: /home/madgenius/projects/RobotSim/ros/indigo/catkin_ws/build/CMakeFiles/CMakeTmp

Run Build Command:/usr/bin/make "cmTryCompileExec3635697546/fast"
/usr/bin/make -f CMakeFiles/cmTryCompileExec3635697546.dir/build.make CMakeFiles/cmTryCompileExec3635697546.dir/build
make[1]: Entering directory `/home/madgenius/projects/RobotSim/ros/indigo/catkin_ws/build/CMakeFiles/CMakeTmp'
/usr/bin/cmake -E cmake_progress_report /home/madgenius/projects/RobotSim/ros/indigo/catkin_ws/build/CMakeFiles/CMakeTmp/CMakeFiles 1
Building CXX object CMakeFiles/cmTryCompileExec3635697546.dir/CheckSymbolExists.cxx.o
/usr/bin/c++    -I/usr/include/qt4    -o CMakeFiles/cmTryCompileExec3635697546.dir/CheckSymbolExists.cxx.o -c /home/madgenius/projects/RobotSim/ros/indigo/catkin_ws/build/CMakeFiles/CMakeTmp/CheckSymbolExists.cxx
/home/madgenius/projects/RobotSim/ros/indigo/catkin_ws/build/CMakeFiles/CMakeTmp/CheckSymbolExists.cxx: In function ‘int main(int, char**)’:
/home/madgenius/projects/RobotSim/ros/indigo/catkin_ws/build/CMakeFiles/CMakeTmp/CheckSymbolExists.cxx:8:19: error: ‘Q_WS_QWS’ was not declared in this scope
   return ((int*)(&Q_WS_QWS))[argc];
                   ^
make[1]: Leaving directory `/home/madgenius/projects/RobotSim/ros/indigo/catkin_ws/build/CMakeFiles/CMakeTmp'
make[1]: *** [CMakeFiles/cmTryCompileExec3635697546.dir/CheckSymbolExists.cxx.o] Error 1
make: *** [cmTryCompileExec3635697546/fast] Error 2

File /home/madgenius/projects/RobotSim/ros/indigo/catkin_ws/build/CMakeFiles/CMakeTmp/CheckSymbolExists.cxx:
/* */
#include <QtCore/qglobal.h>

int main(int argc, char** argv)
{
  (void)argv;
#ifndef Q_WS_QWS
  return ((int*)(&Q_WS_QWS))[argc];
#else
  (void)argc;
  return 0;
#endif
}

Determining if the Q_WS_MAC exist failed with the following output:
Change Dir: /home/madgenius/projects/RobotSim/ros/indigo/catkin_ws/build/CMakeFiles/CMakeTmp

Run Build Command:/usr/bin/make "cmTryCompileExec2248700190/fast"
/usr/bin/make -f CMakeFiles/cmTryCompileExec2248700190.dir/build.make CMakeFiles/cmTryCompileExec2248700190.dir/build
make[1]: Entering directory `/home/madgenius/projects/RobotSim/ros/indigo/catkin_ws/build/CMakeFiles/CMakeTmp'
/usr/bin/cmake -E cmake_progress_report /home/madgenius/projects/RobotSim/ros/indigo/catkin_ws/build/CMakeFiles/CMakeTmp/CMakeFiles 1
Building CXX object CMakeFiles/cmTryCompileExec2248700190.dir/CheckSymbolExists.cxx.o
/usr/bin/c++    -I/usr/include/qt4    -o CMakeFiles/cmTryCompileExec2248700190.dir/CheckSymbolExists.cxx.o -c /home/madgenius/projects/RobotSim/ros/indigo/catkin_ws/build/CMakeFiles/CMakeTmp/CheckSymbolExists.cxx
/home/madgenius/projects/RobotSim/ros/indigo/catkin_ws/build/CMakeFiles/CMakeTmp/CheckSymbolExists.cxx: In function ‘int main(int, char**)’:
/home/madgenius/projects/RobotSim/ros/indigo/catkin_ws/build/CMakeFiles/CMakeTmp/CheckSymbolExists.cxx:8:19: error: ‘Q_WS_MAC’ was not declared in this scope
   return ((int*)(&Q_WS_MAC))[argc];
                   ^
make[1]: *** [CMakeFiles/cmTryCompileExec2248700190.dir/CheckSymbolExists.cxx.o] Error 1
make[1]: Leaving directory `/home/madgenius/projects/RobotSim/ros/indigo/catkin_ws/build/CMakeFiles/CMakeTmp'
make: *** [cmTryCompileExec2248700190/fast] Error 2

File /home/madgenius/projects/RobotSim/ros/indigo/catkin_ws/build/CMakeFiles/CMakeTmp/CheckSymbolExists.cxx:
/* */
#include <QtCore/qglobal.h>

int main(int argc, char** argv)
{
  (void)argv;
#ifndef Q_WS_MAC
  return ((int*)(&Q_WS_MAC))[argc];
#else
  (void)argc;
  return 0;
#endif
}

